Build started 01/04/2017 14:22:43.
     1>Project "C:\Users\Rowan\Desktop\My Scripts\C++ Scripts\Chatterbot16\Chatterbot16.vcxproj" on node 2 (Build target(s)).
     1>ClCompile:
         C:\Program Files (x86)\Microsoft Visual Studio 14.0\VC\bin\CL.exe /c /ZI /nologo /W3 /WX- /Od /Oy- /D WIN32 /D _DEBUG /D _CONSOLE /D _VC80_UPGRADE=0x0600 /D _MBCS /Gm /EHsc /RTC1 /MTd /GS /Gy- /fp:precise /Zc:wchar_t /Zc:forScope /Zc:inline /Fo".\Debug\\" /Fd".\Debug\vc140.pdb" /Gd /TP /analyze- /errorReport:prompt Chatterbot16.cpp
         Chatterbot16.cpp
     1>c:\users\rowan\desktop\my scripts\c++ scripts\chatterbot16\chatterbot16.cpp(60): warning C4996: 'ctime': This function or variable may be unsafe. Consider using ctime_s instead. To disable deprecation, use _CRT_SECURE_NO_WARNINGS. See online help for details.
         c:\program files (x86)\windows kits\10\include\10.0.10150.0\ucrt\time.h(475): note: see declaration of 'ctime'
     1>c:\users\rowan\desktop\my scripts\c++ scripts\chatterbot16\chatterbot16.cpp(205): warning C4018: '<': signed/unsigned mismatch
     1>c:\users\rowan\desktop\my scripts\c++ scripts\chatterbot16\chatterbot16.cpp(242): warning C4018: '<': signed/unsigned mismatch
     1>c:\users\rowan\desktop\my scripts\c++ scripts\chatterbot16\chatterbot16.cpp(271): warning C4018: '<': signed/unsigned mismatch
     1>c:\users\rowan\desktop\my scripts\c++ scripts\chatterbot16\chatterbot16.cpp(284): warning C4018: '<': signed/unsigned mismatch
     1>c:\users\rowan\desktop\my scripts\c++ scripts\chatterbot16\strings.h(28): warning C4018: '<': signed/unsigned mismatch
         c:\users\rowan\desktop\my scripts\c++ scripts\chatterbot16\chatterbot16.cpp(362): note: see reference to function template instantiation 'void shuffle<vstring>(T &,size_t)' being compiled
                 with
                 [
                     T=vstring
                 ]
       Link:
         C:\Program Files (x86)\Microsoft Visual Studio 14.0\VC\bin\link.exe /ERRORREPORT:PROMPT /OUT:".\Debug\Chatterbot16.exe" /INCREMENTAL /NOLOGO odbc32.lib odbccp32.lib kernel32.lib user32.lib gdi32.lib winspool.lib comdlg32.lib advapi32.lib shell32.lib ole32.lib oleaut32.lib uuid.lib odbc32.lib odbccp32.lib /MANIFEST /MANIFESTUAC:"level='asInvoker' uiAccess='false'" /manifest:embed /Debug /PDB:".\Debug\Chatterbot16.pdb" /SUBSYSTEM:CONSOLE /TLBID:1 /DYNAMICBASE /NXCOMPAT /IMPLIB:".\Debug\Chatterbot16.lib" /MACHINE:X86 /SAFESEH .\Debug\Chatterbot16.obj
         .\Debug\strings.obj
         Chatterbot16.vcxproj -> C:\Users\Rowan\Desktop\My Scripts\C++ Scripts\Chatterbot16\.\Debug\Chatterbot16.exe
     1>Done Building Project "C:\Users\Rowan\Desktop\My Scripts\C++ Scripts\Chatterbot16\Chatterbot16.vcxproj" (Build target(s)).

Build succeeded.

Time Elapsed 00:00:29.73
